2026-02-18T08:25:02: ▲ Next.js 16.1.6
2026-02-18T08:25:02: - Local:         http://localhost:3001
2026-02-18T08:25:02: - Network:       http://169.254.123.172:3001
2026-02-18T08:25:02: 
2026-02-18T08:25:02: ✓ Starting...
2026-02-18T08:25:02: ✓ Ready in 911ms
2026-02-18T08:25:39: ▲ Next.js 16.1.6
2026-02-18T08:25:39: - Local:         http://localhost:3001
2026-02-18T08:25:39: - Network:       http://169.254.123.172:3001
2026-02-18T08:25:39: 
2026-02-18T08:25:39: ✓ Starting...
2026-02-18T08:25:39: ✓ Ready in 578ms
2026-02-18T08:25:54: { idx: 1, url: 'http://localhost:3001/', pathname: '/' }
2026-02-18T08:26:17: { idx: 2, url: 'http://localhost:3001/', pathname: '/' }
2026-02-18T08:26:35: { idx: 3, url: 'http://localhost:3001/', pathname: '/' }
2026-02-18T08:26:36: { idx: 4, url: 'http://localhost:3001/', pathname: '/' }
2026-02-18T08:31:54: ▲ Next.js 16.1.6
2026-02-18T08:31:54: - Local:         http://localhost:3001
2026-02-18T08:31:54: - Network:       http://169.254.123.172:3001
2026-02-18T08:31:54: 
2026-02-18T08:31:54: ✓ Starting...
2026-02-18T08:31:54: ✓ Ready in 585ms
2026-02-18T08:32:00: {
2026-02-18T08:32:00:   idx: 1,
2026-02-18T08:32:00:   url: 'http://localhost:3001/',
2026-02-18T08:32:00:   fetchUrl: 'http://localhost:4001/auth/check-token'
2026-02-18T08:32:00: }
2026-02-18T08:32:35: {
2026-02-18T08:32:35:   idx: 2,
2026-02-18T08:32:35:   url: 'http://localhost:3001/',
2026-02-18T08:32:35:   fetchUrl: 'http://localhost:4001/auth/check-token'
2026-02-18T08:32:35: }
2026-02-18T08:32:53: {
2026-02-18T08:32:53:   idx: 3,
2026-02-18T08:32:53:   url: 'http://localhost:3001/',
2026-02-18T08:32:53:   fetchUrl: 'http://localhost:4001/auth/check-token'
2026-02-18T08:32:53: }
2026-02-18T08:33:56: ▲ Next.js 16.1.6
2026-02-18T08:33:56: - Local:         http://localhost:3001
2026-02-18T08:33:56: - Network:       http://169.254.123.172:3001
2026-02-18T08:33:56: 
2026-02-18T08:33:56: ✓ Starting...
2026-02-18T08:33:57: ✓ Ready in 558ms
2026-02-18T08:34:00: {
2026-02-18T08:34:00:   idx: 1,
2026-02-18T08:34:00:   url: 'http://localhost:3001/',
2026-02-18T08:34:00:   fetchUrl: 'http://localhost:4001/auth/check-token'
2026-02-18T08:34:00: }
2026-02-18T08:34:02: {
2026-02-18T08:34:02:   idx: 2,
2026-02-18T08:34:02:   url: 'http://localhost:3001/',
2026-02-18T08:34:02:   fetchUrl: 'http://localhost:4001/auth/check-token'
2026-02-18T08:34:02: }
2026-02-18T08:34:02: {
2026-02-18T08:34:02:   idx: 3,
2026-02-18T08:34:02:   url: 'http://localhost:3001/dashboard',
2026-02-18T08:34:02:   fetchUrl: 'http://localhost:4001/auth/check-token'
2026-02-18T08:34:02: }
2026-02-18T08:35:03: {
2026-02-18T08:35:03:   idx: 4,
2026-02-18T08:35:03:   url: 'http://localhost:3001/dashboard',
2026-02-18T08:35:03:   fetchUrl: 'http://localhost:4001/auth/check-token'
2026-02-18T08:35:03: }
2026-02-18T08:37:11: ▲ Next.js 16.1.6
2026-02-18T08:37:11: - Local:         http://localhost:3001
2026-02-18T08:37:11: - Network:       http://169.254.123.172:3001
2026-02-18T08:37:11: 
2026-02-18T08:37:11: ✓ Starting...
2026-02-18T08:37:12: ✓ Ready in 579ms
2026-02-18T08:38:21: ▲ Next.js 16.1.6
2026-02-18T08:38:21: - Local:         http://localhost:3001
2026-02-18T08:38:21: - Network:       http://169.254.123.172:3001
2026-02-18T08:38:21: 
2026-02-18T08:38:21: ✓ Starting...
2026-02-18T08:38:22: ✓ Ready in 576ms
2026-02-18T08:40:00: ▲ Next.js 16.1.6
2026-02-18T08:40:00: - Local:         http://localhost:3001
2026-02-18T08:40:00: - Network:       http://169.254.123.172:3001
2026-02-18T08:40:00: 
2026-02-18T08:40:00: ✓ Starting...
2026-02-18T08:40:01: ✓ Ready in 594ms
2026-02-18T08:41:45: ▲ Next.js 16.1.6
2026-02-18T08:41:45: - Local:         http://localhost:3001
2026-02-18T08:41:45: - Network:       http://169.254.123.172:3001
2026-02-18T08:41:45: 
2026-02-18T08:41:45: ✓ Starting...
2026-02-18T08:41:46: ▲ Next.js 16.1.6
2026-02-18T08:41:46: - Local:         http://localhost:3001
2026-02-18T08:41:46: - Network:       http://169.254.123.172:3001
2026-02-18T08:41:46: 
2026-02-18T08:41:46: ✓ Starting...
2026-02-18T08:41:47: ▲ Next.js 16.1.6
2026-02-18T08:41:47: - Local:         http://localhost:3001
2026-02-18T08:41:47: - Network:       http://169.254.123.172:3001
2026-02-18T08:41:47: 
2026-02-18T08:41:47: ✓ Starting...
2026-02-18T08:41:47: ✓ Ready in 592ms
2026-02-18T08:41:49: ▲ Next.js 16.1.6
2026-02-18T08:41:49: - Local:         http://localhost:3001
2026-02-18T08:41:49: - Network:       http://169.254.123.172:3001
2026-02-18T08:41:49: 
2026-02-18T08:41:49: ✓ Starting...
2026-02-18T08:41:49: ✓ Ready in 590ms
2026-02-18T08:53:13: ▲ Next.js 16.1.6
2026-02-18T08:53:13: - Local:         http://localhost:3001
2026-02-18T08:53:13: - Network:       http://169.254.123.172:3001
2026-02-18T08:53:13: 
2026-02-18T08:53:13: ✓ Starting...
2026-02-18T08:53:14: ✓ Ready in 604ms
